Determining if the pthread_create exist failed with the following output:
Change Dir: /home/qiyinhe/rsLidar/build/CMakeFiles/CMakeTmp

Run Build Command:"/usr/bin/make" "cmTC_83f0d/fast"
/usr/bin/make -f CMakeFiles/cmTC_83f0d.dir/build.make CMakeFiles/cmTC_83f0d.dir/build
make[1]: Entering directory '/home/qiyinhe/rsLidar/build/CMakeFiles/CMakeTmp'
Building C object CMakeFiles/cmTC_83f0d.dir/CheckSymbolExists.c.o
/usr/bin/cc     -o CMakeFiles/cmTC_83f0d.dir/CheckSymbolExists.c.o   -c /home/qiyinhe/rsLidar/build/CMakeFiles/CMakeTmp/CheckSymbolExists.c
Linking C executable cmTC_83f0d
/usr/bin/cmake -E cmake_link_script CMakeFiles/cmTC_83f0d.dir/link.txt --verbose=1
/usr/bin/cc       CMakeFiles/cmTC_83f0d.dir/CheckSymbolExists.c.o  -o cmTC_83f0d -rdynamic 
CMakeFiles/cmTC_83f0d.dir/CheckSymbolExists.c.o：在函数‘main’中：
CheckSymbolExists.c:(.text+0x16)：对‘pthread_create’未定义的引用
collect2: error: ld returned 1 exit status
CMakeFiles/cmTC_83f0d.dir/build.make:97: recipe for target 'cmTC_83f0d' failed
make[1]: *** [cmTC_83f0d] Error 1
make[1]: Leaving directory '/home/qiyinhe/rsLidar/build/CMakeFiles/CMakeTmp'
Makefile:126: recipe for target 'cmTC_83f0d/fast' failed
make: *** [cmTC_83f0d/fast] Error 2

File /home/qiyinhe/rsLidar/build/CMakeFiles/CMakeTmp/CheckSymbolExists.c:
/* */
#include <pthread.h>

int main(int argc, char** argv)
{
  (void)argv;
#ifndef pthread_create
  return ((int*)(&pthread_create))[argc];
#else
  (void)argc;
  return 0;
#endif
}

Determining if the function pthread_create exists in the pthreads failed with the following output:
Change Dir: /home/qiyinhe/rsLidar/build/CMakeFiles/CMakeTmp

Run Build Command:"/usr/bin/make" "cmTC_63878/fast"
/usr/bin/make -f CMakeFiles/cmTC_63878.dir/build.make CMakeFiles/cmTC_63878.dir/build
make[1]: Entering directory '/home/qiyinhe/rsLidar/build/CMakeFiles/CMakeTmp'
Building C object CMakeFiles/cmTC_63878.dir/CheckFunctionExists.c.o
/usr/bin/cc    -DCHECK_FUNCTION_EXISTS=pthread_create   -o CMakeFiles/cmTC_63878.dir/CheckFunctionExists.c.o   -c /usr/share/cmake-3.5/Modules/CheckFunctionExists.c
Linking C executable cmTC_63878
/usr/bin/cmake -E cmake_link_script CMakeFiles/cmTC_63878.dir/link.txt --verbose=1
/usr/bin/cc   -DCHECK_FUNCTION_EXISTS=pthread_create    CMakeFiles/cmTC_63878.dir/CheckFunctionExists.c.o  -o cmTC_63878 -rdynamic -lpthreads 
/usr/bin/ld: 找不到 -lpthreads
collect2: error: ld returned 1 exit status
CMakeFiles/cmTC_63878.dir/build.make:97: recipe for target 'cmTC_63878' failed
make[1]: *** [cmTC_63878] Error 1
make[1]: Leaving directory '/home/qiyinhe/rsLidar/build/CMakeFiles/CMakeTmp'
Makefile:126: recipe for target 'cmTC_63878/fast' failed
make: *** [cmTC_63878/fast] Error 2


